<?xml version="1.0" encoding="UTF-8"?>
<testng-results ignored="0" total="2" passed="2" failed="0" skipped="0">
  <reporter-output>
  </reporter-output>
  <suite started-at="2023-12-05T19:59:01 EST" name="Suite" finished-at="2023-12-05T19:59:21 EST" duration-ms="20529">
    <groups>
      <group name="regression">
        <method signature="TC_001_AccountRegistrationTest.verify_Account_Registration()[pri:0, instance:testCases.TC_001_AccountRegistrationTest@2e005c4b]" name="verify_Account_Registration" class="testCases.TC_001_AccountRegistrationTest"/>
      </group> <!-- regression -->
      <group name="sanity">
        <method signature="TC_002_LoginTest.verify_login()[pri:0, instance:testCases.TC_002_LoginTest@a514af7]" name="verify_login" class="testCases.TC_002_LoginTest"/>
      </group> <!-- sanity -->
      <group name="master">
        <method signature="TC_001_AccountRegistrationTest.verify_Account_Registration()[pri:0, instance:testCases.TC_001_AccountRegistrationTest@2e005c4b]" name="verify_Account_Registration" class="testCases.TC_001_AccountRegistrationTest"/>
        <method signature="TC_002_LoginTest.verify_login()[pri:0, instance:testCases.TC_002_LoginTest@a514af7]" name="verify_login" class="testCases.TC_002_LoginTest"/>
      </group> <!-- master -->
    </groups>
    <test started-at="2023-12-05T19:59:01 EST" name="chrome Test" finished-at="2023-12-05T19:59:21 EST" duration-ms="20529">
      <class name="testCases.TC_001_AccountRegistrationTest">
        <test-method is-config="true" signature="setup(java.lang.String,java.lang.String)[pri:0, instance:testCases.TC_001_AccountRegistrationTest@2e005c4b]" started-at="2023-12-05T19:59:01 EST" name="setup" finished-at="2023-12-05T19:59:05 EST" duration-ms="4649" status="PASS">
          <params>
            <param index="0">
              <value>
                <![CDATA[Windows]]>
              </value>
            </param>
            <param index="1">
              <value>
                <![CDATA[chrome]]>
              </value>
            </param>
          </params>
          <reporter-output>
          </reporter-output>
        </test-method> <!-- setup -->
        <test-method signature="verify_Account_Registration()[pri:0, instance:testCases.TC_001_AccountRegistrationTest@2e005c4b]" started-at="2023-12-05T19:59:05 EST" name="verify_Account_Registration" finished-at="2023-12-05T19:59:13 EST" duration-ms="7377" status="PASS">
          <reporter-output>
          </reporter-output>
        </test-method> <!-- verify_Account_Registration -->
        <test-method is-config="true" signature="teardown()[pri:0, instance:testCases.TC_001_AccountRegistrationTest@2e005c4b]" started-at="2023-12-05T19:59:13 EST" name="teardown" finished-at="2023-12-05T19:59:13 EST" duration-ms="209" status="PASS">
          <reporter-output>
          </reporter-output>
        </test-method> <!-- teardown -->
      </class> <!-- testCases.TC_001_AccountRegistrationTest -->
      <class name="testCases.TC_002_LoginTest">
        <test-method is-config="true" signature="setup(java.lang.String,java.lang.String)[pri:0, instance:testCases.TC_002_LoginTest@a514af7]" started-at="2023-12-05T19:59:13 EST" name="setup" finished-at="2023-12-05T19:59:17 EST" duration-ms="3863" status="PASS">
          <params>
            <param index="0">
              <value>
                <![CDATA[Windows]]>
              </value>
            </param>
            <param index="1">
              <value>
                <![CDATA[chrome]]>
              </value>
            </param>
          </params>
          <reporter-output>
          </reporter-output>
        </test-method> <!-- setup -->
        <test-method signature="verify_login()[pri:0, instance:testCases.TC_002_LoginTest@a514af7]" started-at="2023-12-05T19:59:17 EST" name="verify_login" finished-at="2023-12-05T19:59:21 EST" duration-ms="4066" status="PASS">
          <reporter-output>
          </reporter-output>
        </test-method> <!-- verify_login -->
        <test-method is-config="true" signature="teardown()[pri:0, instance:testCases.TC_002_LoginTest@a514af7]" started-at="2023-12-05T19:59:21 EST" name="teardown" finished-at="2023-12-05T19:59:21 EST" duration-ms="143" status="PASS">
          <reporter-output>
          </reporter-output>
        </test-method> <!-- teardown -->
      </class> <!-- testCases.TC_002_LoginTest -->
    </test> <!-- chrome Test -->
  </suite> <!-- Suite -->
</testng-results>
