<?xml version="1.0" encoding="UTF-8"?>
<testng-results ignored="0" total="1" passed="1" failed="0" skipped="0">
  <reporter-output>
  </reporter-output>
  <suite started-at="2024-02-05T21:24:03 EST" name="Suite" finished-at="2024-02-05T21:24:33 EST" duration-ms="30202">
    <groups>
    </groups>
    <test started-at="2024-02-05T21:24:03 EST" name="Test" finished-at="2024-02-05T21:24:33 EST" duration-ms="30202">
      <class name="testCases.TC_SC_008Updatingquantityofprdctinshopcart">
        <test-method is-config="true" signature="setup(java.lang.String,java.lang.String)[pri:0, instance:testCases.TC_SC_008Updatingquantityofprdctinshopcart@4802796d]" started-at="2024-02-05T21:24:03 EST" name="setup" finished-at="2024-02-05T21:24:08 EST" duration-ms="5340" status="PASS">
          <params>
            <param index="0">
              <value>
                <![CDATA[Windows]]>
              </value>
            </param>
            <param index="1">
              <value>
                <![CDATA[chrome]]>
              </value>
            </param>
          </params>
          <reporter-output>
          </reporter-output>
        </test-method> <!-- setup -->
        <test-method signature="verify_updatingthequanityinshoppingcart()[pri:0, instance:testCases.TC_SC_008Updatingquantityofprdctinshopcart@4802796d]" started-at="2024-02-05T21:24:08 EST" name="verify_updatingthequanityinshoppingcart" finished-at="2024-02-05T21:24:33 EST" duration-ms="24516" status="PASS">
          <reporter-output>
          </reporter-output>
        </test-method> <!-- verify_updatingthequanityinshoppingcart -->
        <test-method is-config="true" signature="teardown()[pri:0, instance:testCases.TC_SC_008Updatingquantityofprdctinshopcart@4802796d]" started-at="2024-02-05T21:24:33 EST" name="teardown" finished-at="2024-02-05T21:24:33 EST" duration-ms="307" status="PASS">
          <reporter-output>
          </reporter-output>
        </test-method> <!-- teardown -->
      </class> <!-- testCases.TC_SC_008Updatingquantityofprdctinshopcart -->
    </test> <!-- Test -->
  </suite> <!-- Suite -->
</testng-results>
