<?xml version="1.0" encoding="UTF-8"?>
<testng-results ignored="0" total="1" passed="1" failed="0" skipped="0">
  <reporter-output>
  </reporter-output>
  <suite started-at="2024-05-15T17:58:13 EDT" name="Suite" finished-at="2024-05-15T17:58:20 EDT" duration-ms="6839">
    <groups>
      <group name="sanity">
        <method signature="TC_LG_002LogoutfromRightColumnoption.LogoutfromRightColumnoption()[pri:0, instance:testCases.TC_LG_002LogoutfromRightColumnoption@71d44a3]" name="LogoutfromRightColumnoption" class="testCases.TC_LG_002LogoutfromRightColumnoption"/>
      </group> <!-- sanity -->
      <group name="master">
        <method signature="TC_LG_002LogoutfromRightColumnoption.LogoutfromRightColumnoption()[pri:0, instance:testCases.TC_LG_002LogoutfromRightColumnoption@71d44a3]" name="LogoutfromRightColumnoption" class="testCases.TC_LG_002LogoutfromRightColumnoption"/>
      </group> <!-- master -->
    </groups>
    <test started-at="2024-05-15T17:58:13 EDT" name="Test" finished-at="2024-05-15T17:58:20 EDT" duration-ms="6839">
      <class name="testCases.TC_LG_002LogoutfromRightColumnoption">
        <test-method is-config="true" signature="setup(java.lang.String,java.lang.String)[pri:0, instance:testCases.TC_LG_002LogoutfromRightColumnoption@71d44a3]" started-at="2024-05-15T17:58:13 EDT" name="setup" finished-at="2024-05-15T17:58:17 EDT" duration-ms="4357" status="PASS">
          <params>
            <param index="0">
              <value>
                <![CDATA[Windows]]>
              </value>
            </param>
            <param index="1">
              <value>
                <![CDATA[chrome]]>
              </value>
            </param>
          </params>
          <reporter-output>
          </reporter-output>
        </test-method> <!-- setup -->
        <test-method signature="LogoutfromRightColumnoption()[pri:0, instance:testCases.TC_LG_002LogoutfromRightColumnoption@71d44a3]" started-at="2024-05-15T17:58:17 EDT" name="LogoutfromRightColumnoption" finished-at="2024-05-15T17:58:20 EDT" duration-ms="2457" status="PASS">
          <reporter-output>
          </reporter-output>
        </test-method> <!-- LogoutfromRightColumnoption -->
      </class> <!-- testCases.TC_LG_002LogoutfromRightColumnoption -->
    </test> <!-- Test -->
  </suite> <!-- Suite -->
</testng-results>
